行 17: 控件 SF 的类 ShockwaveFlashObjectsCtl.ShockwaveFlash 不是一个已加载的控件类。
行 46: 控件 AG 的类 AgentObjectsCtl.Agent 不是一个已加载的控件类。
行 23: 属性名 _cx 在 SF 中是无效的。
行 24: 属性名 _cy 在 SF 中是无效的。
行 25: 属性名 Movie 在 SF 中是无效的。
行 26: 属性名 Src 在 SF 中是无效的。
行 27: 属性名 WMode 在 SF 中是无效的。
行 28: 属性名 Play 在 SF 中是无效的。
行 29: 属性名 Loop 在 SF 中是无效的。
行 30: 属性名 Quality 在 SF 中是无效的。
行 31: 属性名 SAlign 在 SF 中是无效的。
行 32: 属性名 Menu 在 SF 中是无效的。
行 33: 属性名 Base 在 SF 中是无效的。
行 34: 属性名 Scale 在 SF 中是无效的。
行 35: 属性名 DeviceFont 在 SF 中是无效的。
行 36: 属性名 EmbedMovie 在 SF 中是无效的。
行 37: 属性名 BGColor 在 SF 中是无效的。
行 38: 属性名 SWRemote 在 SF 中是无效的。
行 39: 属性名 Stacking 在 SF 中是无效的。
行 49: 属性名 _cx 在 AG 中是无效的。
行 50: 属性名 _cy 在 AG 中是无效的。
