行 2: 不能创建引用: '{A964BDA3-3E93-11CF-9A0F-9E6261DACD1C}#3.0#0'。
行 3: 不能创建引用: '{481BB642-0766-11D2-9830-444553540000}#1.0#0'。
行 16: 控件 Mfci1 的类 MASFLCLibCtl.MasFLCPlayer 不是一个已加载的控件类。
行 24: 控件 ReSize1 的类 ResizeLibCtl.ReSize 不是一个已加载的控件类。
行 19: 属性名 OleObjectBlob 在 Mfci1 中是无效的。
行 27: 属性名 _Version 在 ReSize1 中是无效的。
行 28: 属性名 _ExtentX 在 ReSize1 中是无效的。
行 29: 属性名 _ExtentY 在 ReSize1 中是无效的。
行 30: 属性名 _StockProps 在 ReSize1 中是无效的。
行 33: 属性名 FormMinWidth 在 ReSize1 中是无效的。
行 34: 属性名 FormMinHeight 在 ReSize1 中是无效的。
行 35: 属性名 FormDesignHeight 在 ReSize1 中是无效的。
行 36: 属性名 FormDesignWidth 在 ReSize1 中是无效的。
行 14: 控件 VBOCX1 的类 FormTools.VBOCX 不是一个已加载的控件类。
行 17: 属性名 _ExtentX 在 VBOCX1 中是无效的。
行 18: 属性名 _ExtentY 在 VBOCX1 中是无效的。
行 19: 属性名 CaptionColor1 在 VBOCX1 中是无效的。
行 20: 属性名 CaptionColor2 在 VBOCX1 中是无效的。
行 21: 属性名 FormOnTop 在 VBOCX1 中是无效的。
行 2: 窗体或 MDI 窗体名 Form1 已经在使用；不能加载到该窗体。
行 18: 控件 CommonDialog1 的类 MSComDlg.CommonDialog 不是一个已加载的控件类。
行 25: 控件 SkinForm1 的类 ACTIVESKINLibCtl.SkinForm 不是一个已加载的控件类。
行 33: 控件 Mfci1 的类 MASFLCLibCtl.MasFLCPlayer 不是一个已加载的控件类。
行 41: 控件 ReSize1 的类 ResizeLibCtl.ReSize 不是一个已加载的控件类。
行 21: 属性名 _ExtentX 在 CommonDialog1 中是无效的。
行 22: 属性名 _ExtentY 在 CommonDialog1 中是无效的。
行 23: 属性名 _Version 在 CommonDialog1 中是无效的。
行 28: 属性名 OleObjectBlob 在 SkinForm1 中是无效的。
行 21: 属性名 _ExtentX 在 CommonDialog1 中是无效的。
行 22: 属性名 _ExtentY 在 CommonDialog1 中是无效的。
行 23: 属性名 _Version 在 CommonDialog1 中是无效的。
行 28: 属性名 OleObjectBlob 在 SkinForm1 中是无效的。
行 44: 属性名 _Version 在 ReSize1 中是无效的。
行 45: 属性名 _ExtentX 在 ReSize1 中是无效的。
行 46: 属性名 _ExtentY 在 ReSize1 中是无效的。
行 47: 属性名 _StockProps 在 ReSize1 中是无效的。
行 50: 属性名 FormMinWidth 在 ReSize1 中是无效的。
行 51: 属性名 FormMinHeight 在 ReSize1 中是无效的。
行 52: 属性名 FormDesignHeight 在 ReSize1 中是无效的。
行 53: 属性名 FormDesignWidth 在 ReSize1 中是无效的。
