行 15: 控件 SkinForm1 的类 ACTIVESKINLibCtl.SkinForm 不是一个已加载的控件类。
行 23: 控件 ReSize1 的类 ResizeLibCtl.ReSize 不是一个已加载的控件类。
行 37: 控件 ShockwaveFlash1 的类 ShockwaveFlashObjectsCtl.ShockwaveFlash 不是一个已加载的控件类。
行 11:属性 Icon 在 Form7 中的文件引用无效。
行 18: 属性名 OleObjectBlob 在 SkinForm1 中是无效的。
行 26: 属性名 _Version 在 ReSize1 中是无效的。
行 27: 属性名 _ExtentX 在 ReSize1 中是无效的。
行 28: 属性名 _ExtentY 在 ReSize1 中是无效的。
行 29: 属性名 _StockProps 在 ReSize1 中是无效的。
行 32: 属性名 FormMinWidth 在 ReSize1 中是无效的。
行 33: 属性名 FormMinHeight 在 ReSize1 中是无效的。
行 34: 属性名 FormDesignHeight 在 ReSize1 中是无效的。
行 35: 属性名 FormDesignWidth 在 ReSize1 中是无效的。
行 43: 属性名 _cx 在 ShockwaveFlash1 中是无效的。
行 44: 属性名 _cy 在 ShockwaveFlash1 中是无效的。
行 45: 属性名 Movie 在 ShockwaveFlash1 中是无效的。
行 46: 属性名 Src 在 ShockwaveFlash1 中是无效的。
行 47: 属性名 WMode 在 ShockwaveFlash1 中是无效的。
行 48: 属性名 Play 在 ShockwaveFlash1 中是无效的。
行 49: 属性名 Loop 在 ShockwaveFlash1 中是无效的。
行 50: 属性名 Quality 在 ShockwaveFlash1 中是无效的。
行 51: 属性名 SAlign 在 ShockwaveFlash1 中是无效的。
行 52: 属性名 Menu 在 ShockwaveFlash1 中是无效的。
行 53: 属性名 Base 在 ShockwaveFlash1 中是无效的。
行 54: 属性名 Scale 在 ShockwaveFlash1 中是无效的。
行 55: 属性名 DeviceFont 在 ShockwaveFlash1 中是无效的。
行 56: 属性名 EmbedMovie 在 ShockwaveFlash1 中是无效的。
行 57: 属性名 BGColor 在 ShockwaveFlash1 中是无效的。
行 58: 属性名 SWRemote 在 ShockwaveFlash1 中是无效的。
行 59: 属性名 Stacking 在 ShockwaveFlash1 中是无效的。
行 37:不能加载控件 ShockwaveFlash1。
行 37:不能加载控件 ShockwaveFlash1。
行 37:不能加载控件 ShockwaveFlash1。
行 37:不能加载控件 ShockwaveFlash1。
行 37:不能加载控件 ShockwaveFlash1。
行 37:不能加载控件 ShockwaveFlash1。
