行 18: 控件 MP3Encode1 的类 MP3Encode20.MP3Encode 不是一个已加载的控件类。
行 358: 控件 Pbar 的类 ComctlLib.ProgressBar 不是一个已加载的控件类。
行 369: 控件 Sder 的类 ComctlLib.Slider 不是一个已加载的控件类。
行 508: 控件 MP 的类 MPEGPLAYLib.Mp3Play 不是一个已加载的控件类。
行 520: 控件 MM 的类 MCI.MMControl 不是一个已加载的控件类。
行 541: 控件 MediaPlayer1 的类 MediaPlayerCtl.MediaPlayer 不是一个已加载的控件类。
行 24: 属性名 Object.Visible 在 MP3Encode1 中是无效的。
行 25: 属性名 Mode 在 MP3Encode1 中是无效的。
行 26: 属性名 BladePath 在 MP3Encode1 中是无效的。
行 27: 属性名 Bitrate 在 MP3Encode1 中是无效的。
行 28: 属性名 InputFile 在 MP3Encode1 中是无效的。
行 29: 属性名 Priority 在 MP3Encode1 中是无效的。
行 364: 属性名 _ExtentX 在 Pbar 中是无效的。
行 365: 属性名 _ExtentY 在 Pbar 中是无效的。
行 366: 属性名 _Version 在 Pbar 中是无效的。
行 377: 属性名 _ExtentX 在 Sder 中是无效的。
行 378: 属性名 _ExtentY 在 Sder 中是无效的。
行 379: 属性名 _Version 在 Sder 中是无效的。
行 380: 属性名 Max 在 Sder 中是无效的。
行 381: 属性名 SelectRange 在 Sder 中是无效的。
行 382: 属性名 TickStyle 在 Sder 中是无效的。
行 515: 属性名 _Version 在 MP 中是无效的。
行 516: 属性名 _ExtentX 在 MP 中是无效的。
行 517: 属性名 _ExtentY 在 MP 中是无效的。
行 518: 属性名 _StockProps 在 MP 中是无效的。
行 526: 属性名 _ExtentX 在 MM 中是无效的。
行 527: 属性名 _ExtentY 在 MM 中是无效的。
行 528: 属性名 _Version 在 MM 中是无效的。
行 529: 属性名 PrevEnabled 在 MM 中是无效的。
行 530: 属性名 NextEnabled 在 MM 中是无效的。
行 531: 属性名 PlayEnabled 在 MM 中是无效的。
行 532: 属性名 PauseEnabled 在 MM 中是无效的。
行 533: 属性名 BackEnabled 在 MM 中是无效的。
行 534: 属性名 StepEnabled 在 MM 中是无效的。
行 535: 属性名 StopEnabled 在 MM 中是无效的。
行 536: 属性名 RecordEnabled 在 MM 中是无效的。
行 537: 属性名 EjectEnabled 在 MM 中是无效的。
行 538: 属性名 DeviceType 在 MM 中是无效的。
行 539: 属性名 FileName 在 MM 中是无效的。
行 547: 属性名 AudioStream 在 MediaPlayer1 中是无效的。
行 549: 属性名 AutoStart 在 MediaPlayer1 中是无效的。
行 550: 属性名 AnimationAtStart 在 MediaPlayer1 中是无效的。
行 551: 属性名 AllowScan 在 MediaPlayer1 中是无效的。
行 552: 属性名 AllowChangeDisplaySize 在 MediaPlayer1 中是无效的。
行 553: 属性名 AutoRewind 在 MediaPlayer1 中是无效的。
行 554: 属性名 Balance 在 MediaPlayer1 中是无效的。
行 555: 属性名 BaseURL 在 MediaPlayer1 中是无效的。
行 556: 属性名 BufferingTime 在 MediaPlayer1 中是无效的。
行 557: 属性名 CaptioningID 在 MediaPlayer1 中是无效的。
行 558: 属性名 ClickToPlay 在 MediaPlayer1 中是无效的。
行 559: 属性名 CursorType 在 MediaPlayer1 中是无效的。
行 560: 属性名 CurrentPosition 在 MediaPlayer1 中是无效的。
行 561: 属性名 CurrentMarker 在 MediaPlayer1 中是无效的。
行 562: 属性名 DefaultFrame 在 MediaPlayer1 中是无效的。
行 563: 属性名 DisplayBackColor 在 MediaPlayer1 中是无效的。
行 564: 属性名 DisplayForeColor 在 MediaPlayer1 中是无效的。
行 565: 属性名 DisplayMode 在 MediaPlayer1 中是无效的。
行 566: 属性名 DisplaySize 在 MediaPlayer1 中是无效的。
行 568: 属性名 EnableContextMenu 在 MediaPlayer1 中是无效的。
行 569: 属性名 EnablePositionControls 在 MediaPlayer1 中是无效的。
行 570: 属性名 EnableFullScreenControls 在 MediaPlayer1 中是无效的。
行 571: 属性名 EnableTracker 在 MediaPlayer1 中是无效的。
行 572: 属性名 Filename 在 MediaPlayer1 中是无效的。
行 573: 属性名 InvokeURLs 在 MediaPlayer1 中是无效的。
行 574: 属性名 Language 在 MediaPlayer1 中是无效的。
行 575: 属性名 Mute 在 MediaPlayer1 中是无效的。
行 576: 属性名 PlayCount 在 MediaPlayer1 中是无效的。
行 577: 属性名 PreviewMode 在 MediaPlayer1 中是无效的。
行 578: 属性名 Rate 在 MediaPlayer1 中是无效的。
行 579: 属性名 SAMILang 在 MediaPlayer1 中是无效的。
行 580: 属性名 SAMIStyle 在 MediaPlayer1 中是无效的。
行 581: 属性名 SAMIFileName 在 MediaPlayer1 中是无效的。
行 582: 属性名 SelectionStart 在 MediaPlayer1 中是无效的。
行 583: 属性名 SelectionEnd 在 MediaPlayer1 中是无效的。
行 584: 属性名 SendOpenStateChangeEvents 在 MediaPlayer1 中是无效的。
行 585: 属性名 SendWarningEvents 在 MediaPlayer1 中是无效的。
行 586: 属性名 SendErrorEvents 在 MediaPlayer1 中是无效的。
行 587: 属性名 SendKeyboardEvents 在 MediaPlayer1 中是无效的。
行 588: 属性名 SendMouseClickEvents 在 MediaPlayer1 中是无效的。
行 589: 属性名 SendMouseMoveEvents 在 MediaPlayer1 中是无效的。
行 590: 属性名 SendPlayStateChangeEvents 在 MediaPlayer1 中是无效的。
行 591: 属性名 ShowCaptioning 在 MediaPlayer1 中是无效的。
行 592: 属性名 ShowControls 在 MediaPlayer1 中是无效的。
行 593: 属性名 ShowAudioControls 在 MediaPlayer1 中是无效的。
行 594: 属性名 ShowDisplay 在 MediaPlayer1 中是无效的。
行 595: 属性名 ShowGotoBar 在 MediaPlayer1 中是无效的。
行 596: 属性名 ShowPositionControls 在 MediaPlayer1 中是无效的。
行 597: 属性名 ShowStatusBar 在 MediaPlayer1 中是无效的。
行 598: 属性名 ShowTracker 在 MediaPlayer1 中是无效的。
行 599: 属性名 TransparentAtStart 在 MediaPlayer1 中是无效的。
行 600: 属性名 VideoBorderWidth 在 MediaPlayer1 中是无效的。
行 601: 属性名 VideoBorderColor 在 MediaPlayer1 中是无效的。
行 602: 属性名 VideoBorder3D 在 MediaPlayer1 中是无效的。
行 603: 属性名 Volume 在 MediaPlayer1 中是无效的。
行 604: 属性名 WindowlessVideo 在 MediaPlayer1 中是无效的。
