行 14: 控件 XImgEdit1 的类 XImgEditDEMO.XImgEdit 不是一个已加载的控件类。
行 158: 控件 CommonDialog1 的类 MSComDlg.CommonDialog 不是一个已加载的控件类。
行 20: 属性名 Object.Visible 在 XImgEdit1 中是无效的。
行 21: 属性名 AutoScroll 在 XImgEdit1 中是无效的。
行 23: 属性名 AxBorderStyle 在 XImgEdit1 中是无效的。
行 24: 属性名 Caption 在 XImgEdit1 中是无效的。
行 25: 属性名 Color 在 XImgEdit1 中是无效的。
行 35: 属性名 KeyPreview 在 XImgEdit1 中是无效的。
行 36: 属性名 PixelsPerInch 在 XImgEdit1 中是无效的。
行 37: 属性名 PrintScale 在 XImgEdit1 中是无效的。
行 38: 属性名 Scaled 在 XImgEdit1 中是无效的。
行 39: 属性名 DropTarget 在 XImgEdit1 中是无效的。
行 40: 属性名 HelpFile 在 XImgEdit1 中是无效的。
行 41: 属性名 DoubleBuffered 在 XImgEdit1 中是无效的。
行 43: 属性名 Cursor 在 XImgEdit1 中是无效的。
行 44: 属性名 Brightness 在 XImgEdit1 中是无效的。
行 45: 属性名 Contrast 在 XImgEdit1 中是无效的。
行 46: 属性名 Saturation 在 XImgEdit1 中是无效的。
行 47: 属性名 Sharpen 在 XImgEdit1 中是无效的。
行 48: 属性名 Blur 在 XImgEdit1 中是无效的。
行 49: 属性名 Pixelate 在 XImgEdit1 中是无效的。
行 50: 属性名 Embossed 在 XImgEdit1 中是无效的。
行 51: 属性名 Grayscale 在 XImgEdit1 中是无效的。
行 52: 属性名 FlipHorizontal 在 XImgEdit1 中是无效的。
行 53: 属性名 FlipVertical 在 XImgEdit1 中是无效的。
行 54: 属性名 Inverted 在 XImgEdit1 中是无效的。
行 55: 属性名 Rotation 在 XImgEdit1 中是无效的。
行 56: 属性名 AlphaBlend 在 XImgEdit1 中是无效的。
行 161: 属性名 _ExtentX 在 CommonDialog1 中是无效的。
行 162: 属性名 _ExtentY 在 CommonDialog1 中是无效的。
行 163: 属性名 _Version 在 CommonDialog1 中是无效的。
