行 23: 控件 imgList 的类 MSComctlLib.ImageList 不是一个已加载的控件类。
行 34: 控件 imgList2 的类 MSComctlLib.ImageList 不是一个已加载的控件类。
行 144: 控件 ListView 的类 MSComctlLib.ListView 不是一个已加载的控件类。
行 168: 控件 ProgressBar1 的类 MSComctlLib.ProgressBar 不是一个已加载的控件类。
行 26: 属性名 _ExtentX 在 imgList 中是无效的。
行 27: 属性名 _ExtentY 在 imgList 中是无效的。
行 29: 属性名 ImageWidth 在 imgList 中是无效的。
行 30: 属性名 ImageHeight 在 imgList 中是无效的。
行 31: 属性名 MaskColor 在 imgList 中是无效的。
行 32: 属性名 _Version 在 imgList 中是无效的。
行 37: 属性名 _ExtentX 在 imgList2 中是无效的。
行 38: 属性名 _ExtentY 在 imgList2 中是无效的。
行 40: 属性名 ImageWidth 在 imgList2 中是无效的。
行 41: 属性名 ImageHeight 在 imgList2 中是无效的。
行 42: 属性名 MaskColor 在 imgList2 中是无效的。
行 43: 属性名 _Version 在 imgList2 中是无效的。
行 150: 属性名 _ExtentX 在 ListView 中是无效的。
行 151: 属性名 _ExtentY 在 ListView 中是无效的。
行 152: 属性名 LabelWrap 在 ListView 中是无效的。
行 153: 属性名 HideSelection 在 ListView 中是无效的。
行 154: 属性名 _Version 在 ListView 中是无效的。
行 159: 属性名 NumItems 在 ListView 中是无效的。
行 174: 属性名 _ExtentX 在 ProgressBar1 中是无效的。
行 175: 属性名 _ExtentY 在 ProgressBar1 中是无效的。
行 176: 属性名 _Version 在 ProgressBar1 中是无效的。
行 178: 属性名 Max 在 ProgressBar1 中是无效的。
