行 39: 控件 ImageList1 的类 MSComctlLib.ImageList 不是一个已加载的控件类。
行 77: 控件 Toolbar1 的类 MSComctlLib.Toolbar 不是一个已加载的控件类。
行 139: 控件 StatusBar1 的类 MSComctlLib.StatusBar 不是一个已加载的控件类。
行 157: 控件 dlg1 的类 MSComDlg.CommonDialog 不是一个已加载的控件类。
行 42: 属性名 _ExtentX 在 ImageList1 中是无效的。
行 43: 属性名 _ExtentY 在 ImageList1 中是无效的。
行 45: 属性名 ImageWidth 在 ImageList1 中是无效的。
行 46: 属性名 ImageHeight 在 ImageList1 中是无效的。
行 47: 属性名 MaskColor 在 ImageList1 中是无效的。
行 48: 属性名 _Version 在 ImageList1 中是无效的。
行 75: 属性名 Images 在 ImageList1 中是无效的。
行 84: 属性名 _ExtentX 在 Toolbar1 中是无效的。
行 85: 属性名 _ExtentY 在 Toolbar1 中是无效的。
行 86: 属性名 ButtonWidth 在 Toolbar1 中是无效的。
行 87: 属性名 ButtonHeight 在 Toolbar1 中是无效的。
行 89: 属性名 Style 在 Toolbar1 中是无效的。
行 90: 属性名 ImageList 在 Toolbar1 中是无效的。
行 91: 属性名 _Version 在 Toolbar1 中是无效的。
行 136: 属性名 Buttons 在 Toolbar1 中是无效的。
行 146: 属性名 _ExtentX 在 StatusBar1 中是无效的。
行 147: 属性名 _ExtentY 在 StatusBar1 中是无效的。
行 148: 属性名 _Version 在 StatusBar1 中是无效的。
行 155: 属性名 Panels 在 StatusBar1 中是无效的。
行 160: 属性名 _ExtentX 在 dlg1 中是无效的。
行 161: 属性名 _ExtentY 在 dlg1 中是无效的。
行 162: 属性名 _Version 在 dlg1 中是无效的。
