行 20: 控件 VerticalMenu1 的类 VertMenu.VerticalMenu 不是一个已加载的控件类。
行 81: 控件 LyfTools1 的类 刘玉锋的VB超级工具集.LyfTools 不是一个已加载的控件类。
行 27: 属性名 _ExtentX 在 VerticalMenu1 中是无效的。
行 28: 属性名 _ExtentY 在 VerticalMenu1 中是无效的。
行 29: 属性名 MenusMax 在 VerticalMenu1 中是无效的。
行 30: 属性名 MenuCaption1 在 VerticalMenu1 中是无效的。
行 31: 属性名 MenuItemsMax1 在 VerticalMenu1 中是无效的。
行 32: 属性名 MenuItemIcon11 在 VerticalMenu1 中是无效的。
行 33: 属性名 MenuItemCaption11 在 VerticalMenu1 中是无效的。
行 34: 属性名 MenuItemIcon12 在 VerticalMenu1 中是无效的。
行 35: 属性名 MenuItemCaption12 在 VerticalMenu1 中是无效的。
行 36: 属性名 MenuItemIcon13 在 VerticalMenu1 中是无效的。
行 37: 属性名 MenuItemCaption13 在 VerticalMenu1 中是无效的。
行 38: 属性名 MenuCaption2 在 VerticalMenu1 中是无效的。
行 39: 属性名 MenuItemsMax2 在 VerticalMenu1 中是无效的。
行 40: 属性名 MenuItemIcon21 在 VerticalMenu1 中是无效的。
行 41: 属性名 MenuItemCaption21 在 VerticalMenu1 中是无效的。
行 42: 属性名 MenuItemIcon22 在 VerticalMenu1 中是无效的。
行 43: 属性名 MenuItemCaption22 在 VerticalMenu1 中是无效的。
行 44: 属性名 MenuItemIcon23 在 VerticalMenu1 中是无效的。
行 45: 属性名 MenuItemCaption23 在 VerticalMenu1 中是无效的。
行 46: 属性名 MenuItemIcon24 在 VerticalMenu1 中是无效的。
行 47: 属性名 MenuItemCaption24 在 VerticalMenu1 中是无效的。
行 48: 属性名 MenuCaption3 在 VerticalMenu1 中是无效的。
行 49: 属性名 MenuItemIcon31 在 VerticalMenu1 中是无效的。
行 50: 属性名 MenuItemCaption31 在 VerticalMenu1 中是无效的。
行 51: 属性名 MenuCaption4 在 VerticalMenu1 中是无效的。
行 52: 属性名 MenuItemsMax4 在 VerticalMenu1 中是无效的。
行 53: 属性名 MenuItemIcon41 在 VerticalMenu1 中是无效的。
行 54: 属性名 MenuItemCaption41 在 VerticalMenu1 中是无效的。
行 55: 属性名 MenuItemIcon42 在 VerticalMenu1 中是无效的。
行 56: 属性名 MenuItemCaption42 在 VerticalMenu1 中是无效的。
行 57: 属性名 MenuCaption5 在 VerticalMenu1 中是无效的。
行 58: 属性名 MenuItemIcon51 在 VerticalMenu1 中是无效的。
行 59: 属性名 MenuItemCaption51 在 VerticalMenu1 中是无效的。
行 60: 属性名 MenuCaption6 在 VerticalMenu1 中是无效的。
行 61: 属性名 MenuItemsMax6 在 VerticalMenu1 中是无效的。
行 62: 属性名 MenuItemIcon61 在 VerticalMenu1 中是无效的。
行 63: 属性名 MenuItemCaption61 在 VerticalMenu1 中是无效的。
行 64: 属性名 MenuItemIcon62 在 VerticalMenu1 中是无效的。
行 65: 属性名 MenuItemCaption62 在 VerticalMenu1 中是无效的。
行 66: 属性名 MenuItemIcon63 在 VerticalMenu1 中是无效的。
行 67: 属性名 MenuItemCaption63 在 VerticalMenu1 中是无效的。
行 68: 属性名 MenuItemIcon64 在 VerticalMenu1 中是无效的。
行 69: 属性名 MenuItemCaption64 在 VerticalMenu1 中是无效的。
行 70: 属性名 MenuItemIcon65 在 VerticalMenu1 中是无效的。
行 71: 属性名 MenuItemCaption65 在 VerticalMenu1 中是无效的。
行 72: 属性名 MenuItemIcon66 在 VerticalMenu1 中是无效的。
行 73: 属性名 MenuItemCaption66 在 VerticalMenu1 中是无效的。
行 74: 属性名 MenuItemIcon67 在 VerticalMenu1 中是无效的。
行 75: 属性名 MenuItemCaption67 在 VerticalMenu1 中是无效的。
行 76: 属性名 MenuItemIcon68 在 VerticalMenu1 中是无效的。
行 77: 属性名 MenuItemCaption68 在 VerticalMenu1 中是无效的。
行 78: 属性名 MenuItemIcon69 在 VerticalMenu1 中是无效的。
行 79: 属性名 MenuItemCaption69 在 VerticalMenu1 中是无效的。
行 87: 属性名 _ExtentX 在 LyfTools1 中是无效的。
行 88: 属性名 _ExtentY 在 LyfTools1 中是无效的。
