行 25: 控件 CooLine1 的类 CooLinePrj.CooLine 不是一个已加载的控件类。
行 538: 控件 MediaPlayer1 的类 MediaPlayerCtl.MediaPlayer 不是一个已加载的控件类。
行 18:属性 Icon 在 Form102 中的文件引用无效。
行 32: 属性名 _ExtentX 在 CooLine1 中是无效的。
行 33: 属性名 _ExtentY 在 CooLine1 中是无效的。
行 34: 属性名 InsChr 在 CooLine1 中是无效的。
行 35: 属性名 Display 在 CooLine1 中是无效的。
行 51:属性 OleObjectBlob 在 SkinForm1 中的文件引用无效。
行 48:不能加载控件 SkinForm1。
行 93:属性 BackImage 在 ctListBar1 中的文件引用无效。
行 99:属性 PicArray0 在 ctListBar1 中的文件引用无效。
行 100:属性 PicArray1 在 ctListBar1 中的文件引用无效。
行 101:属性 PicArray2 在 ctListBar1 中的文件引用无效。
行 102:属性 PicArray3 在 ctListBar1 中的文件引用无效。
行 103:属性 PicArray4 在 ctListBar1 中的文件引用无效。
行 104:属性 PicArray5 在 ctListBar1 中的文件引用无效。
行 105:属性 PicArray6 在 ctListBar1 中的文件引用无效。
行 106:属性 PicArray7 在 ctListBar1 中的文件引用无效。
行 107:属性 PicArray8 在 ctListBar1 中的文件引用无效。
行 108:属性 PicArray9 在 ctListBar1 中的文件引用无效。
行 109:属性 PicArray10 在 ctListBar1 中的文件引用无效。
行 110:属性 PicArray11 在 ctListBar1 中的文件引用无效。
行 111:属性 PicArray12 在 ctListBar1 中的文件引用无效。
行 112:属性 PicArray13 在 ctListBar1 中的文件引用无效。
行 113:属性 PicArray14 在 ctListBar1 中的文件引用无效。
行 114:属性 PicArray15 在 ctListBar1 中的文件引用无效。
行 115:属性 PicArray16 在 ctListBar1 中的文件引用无效。
行 116:属性 PicArray17 在 ctListBar1 中的文件引用无效。
行 117:属性 PicArray18 在 ctListBar1 中的文件引用无效。
行 118:属性 PicArray19 在 ctListBar1 中的文件引用无效。
行 119:属性 PicArray20 在 ctListBar1 中的文件引用无效。
行 120:属性 PicArray21 在 ctListBar1 中的文件引用无效。
行 121:属性 PicArray22 在 ctListBar1 中的文件引用无效。
行 122:属性 PicArray23 在 ctListBar1 中的文件引用无效。
行 123:属性 PicArray24 在 ctListBar1 中的文件引用无效。
行 124:属性 PicArray25 在 ctListBar1 中的文件引用无效。
行 125:属性 PicArray26 在 ctListBar1 中的文件引用无效。
行 126:属性 PicArray27 在 ctListBar1 中的文件引用无效。
行 127:属性 PicArray28 在 ctListBar1 中的文件引用无效。
行 128:属性 PicArray29 在 ctListBar1 中的文件引用无效。
行 129:属性 PicArray30 在 ctListBar1 中的文件引用无效。
行 130:属性 PicArray31 在 ctListBar1 中的文件引用无效。
行 131:属性 PicArray32 在 ctListBar1 中的文件引用无效。
行 132:属性 PicArray33 在 ctListBar1 中的文件引用无效。
行 133:属性 PicArray34 在 ctListBar1 中的文件引用无效。
行 134:属性 PicArray35 在 ctListBar1 中的文件引用无效。
行 135:属性 PicArray36 在 ctListBar1 中的文件引用无效。
行 136:属性 PicArray37 在 ctListBar1 中的文件引用无效。
行 137:属性 PicArray38 在 ctListBar1 中的文件引用无效。
行 138:属性 PicArray39 在 ctListBar1 中的文件引用无效。
行 139:属性 PicArray40 在 ctListBar1 中的文件引用无效。
行 140:属性 PicArray41 在 ctListBar1 中的文件引用无效。
行 141:属性 PicArray42 在 ctListBar1 中的文件引用无效。
行 142:属性 PicArray43 在 ctListBar1 中的文件引用无效。
行 143:属性 PicArray44 在 ctListBar1 中的文件引用无效。
行 144:属性 PicArray45 在 ctListBar1 中的文件引用无效。
行 145:属性 PicArray46 在 ctListBar1 中的文件引用无效。
行 146:属性 PicArray47 在 ctListBar1 中的文件引用无效。
行 147:属性 PicArray48 在 ctListBar1 中的文件引用无效。
行 148:属性 PicArray49 在 ctListBar1 中的文件引用无效。
行 149:属性 PicArray50 在 ctListBar1 中的文件引用无效。
行 150:属性 PicArray51 在 ctListBar1 中的文件引用无效。
行 151:属性 PicArray52 在 ctListBar1 中的文件引用无效。
行 152:属性 PicArray53 在 ctListBar1 中的文件引用无效。
行 153:属性 PicArray54 在 ctListBar1 中的文件引用无效。
行 154:属性 PicArray55 在 ctListBar1 中的文件引用无效。
行 155:属性 PicArray56 在 ctListBar1 中的文件引用无效。
行 156:属性 PicArray57 在 ctListBar1 中的文件引用无效。
行 157:属性 PicArray58 在 ctListBar1 中的文件引用无效。
行 158:属性 PicArray59 在 ctListBar1 中的文件引用无效。
行 159:属性 PicArray60 在 ctListBar1 中的文件引用无效。
行 160:属性 PicArray61 在 ctListBar1 中的文件引用无效。
行 161:属性 PicArray62 在 ctListBar1 中的文件引用无效。
行 162:属性 PicArray63 在 ctListBar1 中的文件引用无效。
行 163:属性 PicArray64 在 ctListBar1 中的文件引用无效。
行 164:属性 PicArray65 在 ctListBar1 中的文件引用无效。
行 165:属性 PicArray66 在 ctListBar1 中的文件引用无效。
行 166:属性 PicArray67 在 ctListBar1 中的文件引用无效。
行 167:属性 PicArray68 在 ctListBar1 中的文件引用无效。
行 168:属性 PicArray69 在 ctListBar1 中的文件引用无效。
行 169:属性 PicArray70 在 ctListBar1 中的文件引用无效。
行 170:属性 PicArray71 在 ctListBar1 中的文件引用无效。
行 171:属性 PicArray72 在 ctListBar1 中的文件引用无效。
行 172:属性 PicArray73 在 ctListBar1 中的文件引用无效。
行 173:属性 PicArray74 在 ctListBar1 中的文件引用无效。
行 174:属性 PicArray75 在 ctListBar1 中的文件引用无效。
行 175:属性 PicArray76 在 ctListBar1 中的文件引用无效。
行 176:属性 PicArray77 在 ctListBar1 中的文件引用无效。
行 177:属性 PicArray78 在 ctListBar1 中的文件引用无效。
行 178:属性 PicArray79 在 ctListBar1 中的文件引用无效。
行 179:属性 PicArray80 在 ctListBar1 中的文件引用无效。
行 180:属性 PicArray81 在 ctListBar1 中的文件引用无效。
行 181:属性 PicArray82 在 ctListBar1 中的文件引用无效。
行 182:属性 PicArray83 在 ctListBar1 中的文件引用无效。
行 183:属性 PicArray84 在 ctListBar1 中的文件引用无效。
行 184:属性 PicArray85 在 ctListBar1 中的文件引用无效。
行 185:属性 PicArray86 在 ctListBar1 中的文件引用无效。
行 186:属性 PicArray87 在 ctListBar1 中的文件引用无效。
行 187:属性 PicArray88 在 ctListBar1 中的文件引用无效。
行 188:属性 PicArray89 在 ctListBar1 中的文件引用无效。
行 189:属性 PicArray90 在 ctListBar1 中的文件引用无效。
行 190:属性 PicArray91 在 ctListBar1 中的文件引用无效。
行 191:属性 PicArray92 在 ctListBar1 中的文件引用无效。
行 192:属性 PicArray93 在 ctListBar1 中的文件引用无效。
行 193:属性 PicArray94 在 ctListBar1 中的文件引用无效。
行 194:属性 PicArray95 在 ctListBar1 中的文件引用无效。
行 195:属性 PicArray96 在 ctListBar1 中的文件引用无效。
行 196:属性 PicArray97 在 ctListBar1 中的文件引用无效。
行 197:属性 PicArray98 在 ctListBar1 中的文件引用无效。
行 198:属性 PicArray99 在 ctListBar1 中的文件引用无效。
行 214:属性 MouseIcon 在 Volume 中的文件引用无效。
行 224:属性 ItemData 在 ListFile 中的文件引用无效。
行 226:属性 List 在 ListFile 中的文件引用无效。
行 294:属性 MouseIcon 在 TrackSelection 中的文件引用无效。
行 402:属性 Picture 在 Image16 中的文件引用无效。
行 412:属性 Picture 在 Image17 中的文件引用无效。
行 422:属性 MouseIcon 在 Image5 中的文件引用无效。
行 423:属性 Picture 在 Image5 中的文件引用无效。
行 433:属性 MouseIcon 在 Image7 中的文件引用无效。
行 434:属性 Picture 在 Image7 中的文件引用无效。
行 444:属性 MouseIcon 在 Image11 中的文件引用无效。
行 445:属性 Picture 在 Image11 中的文件引用无效。
行 455:属性 MouseIcon 在 Image4 中的文件引用无效。
行 456:属性 Picture 在 Image4 中的文件引用无效。
行 466:属性 MouseIcon 在 Image3 中的文件引用无效。
行 467:属性 Picture 在 Image3 中的文件引用无效。
行 477:属性 MouseIcon 在 Image18 中的文件引用无效。
行 478:属性 Picture 在 Image18 中的文件引用无效。
行 488:属性 MouseIcon 在 Image6 中的文件引用无效。
行 489:属性 Picture 在 Image6 中的文件引用无效。
行 499:属性 MouseIcon 在 Image2 中的文件引用无效。
行 500:属性 Picture 在 Image2 中的文件引用无效。
行 510:属性 Picture 在 Image15 中的文件引用无效。
行 539:属性 DragIcon 在 MediaPlayer1 中的文件引用无效。
行 545: 属性名 AudioStream 在 MediaPlayer1 中是无效的。
行 547: 属性名 AutoStart 在 MediaPlayer1 中是无效的。
行 548: 属性名 AnimationAtStart 在 MediaPlayer1 中是无效的。
行 549: 属性名 AllowScan 在 MediaPlayer1 中是无效的。
行 550: 属性名 AllowChangeDisplaySize 在 MediaPlayer1 中是无效的。
行 551: 属性名 AutoRewind 在 MediaPlayer1 中是无效的。
行 552: 属性名 Balance 在 MediaPlayer1 中是无效的。
行 553: 属性名 BaseURL 在 MediaPlayer1 中是无效的。
行 554: 属性名 BufferingTime 在 MediaPlayer1 中是无效的。
行 555: 属性名 CaptioningID 在 MediaPlayer1 中是无效的。
行 556: 属性名 ClickToPlay 在 MediaPlayer1 中是无效的。
行 557: 属性名 CursorType 在 MediaPlayer1 中是无效的。
行 558: 属性名 CurrentPosition 在 MediaPlayer1 中是无效的。
行 559: 属性名 CurrentMarker 在 MediaPlayer1 中是无效的。
行 560: 属性名 DefaultFrame 在 MediaPlayer1 中是无效的。
行 561: 属性名 DisplayBackColor 在 MediaPlayer1 中是无效的。
行 562: 属性名 DisplayForeColor 在 MediaPlayer1 中是无效的。
行 563: 属性名 DisplayMode 在 MediaPlayer1 中是无效的。
行 564: 属性名 DisplaySize 在 MediaPlayer1 中是无效的。
行 566: 属性名 EnableContextMenu 在 MediaPlayer1 中是无效的。
行 567: 属性名 EnablePositionControls 在 MediaPlayer1 中是无效的。
行 568: 属性名 EnableFullScreenControls 在 MediaPlayer1 中是无效的。
行 569: 属性名 EnableTracker 在 MediaPlayer1 中是无效的。
行 570: 属性名 Filename 在 MediaPlayer1 中是无效的。
行 571: 属性名 InvokeURLs 在 MediaPlayer1 中是无效的。
行 572: 属性名 Language 在 MediaPlayer1 中是无效的。
行 573: 属性名 Mute 在 MediaPlayer1 中是无效的。
行 574: 属性名 PlayCount 在 MediaPlayer1 中是无效的。
行 575: 属性名 PreviewMode 在 MediaPlayer1 中是无效的。
行 576: 属性名 Rate 在 MediaPlayer1 中是无效的。
行 577: 属性名 SAMILang 在 MediaPlayer1 中是无效的。
行 578: 属性名 SAMIStyle 在 MediaPlayer1 中是无效的。
行 579: 属性名 SAMIFileName 在 MediaPlayer1 中是无效的。
行 580: 属性名 SelectionStart 在 MediaPlayer1 中是无效的。
行 581: 属性名 SelectionEnd 在 MediaPlayer1 中是无效的。
行 582: 属性名 SendOpenStateChangeEvents 在 MediaPlayer1 中是无效的。
行 583: 属性名 SendWarningEvents 在 MediaPlayer1 中是无效的。
行 584: 属性名 SendErrorEvents 在 MediaPlayer1 中是无效的。
行 585: 属性名 SendKeyboardEvents 在 MediaPlayer1 中是无效的。
行 586: 属性名 SendMouseClickEvents 在 MediaPlayer1 中是无效的。
行 587: 属性名 SendMouseMoveEvents 在 MediaPlayer1 中是无效的。
行 588: 属性名 SendPlayStateChangeEvents 在 MediaPlayer1 中是无效的。
行 589: 属性名 ShowCaptioning 在 MediaPlayer1 中是无效的。
行 590: 属性名 ShowControls 在 MediaPlayer1 中是无效的。
行 591: 属性名 ShowAudioControls 在 MediaPlayer1 中是无效的。
行 592: 属性名 ShowDisplay 在 MediaPlayer1 中是无效的。
行 593: 属性名 ShowGotoBar 在 MediaPlayer1 中是无效的。
行 594: 属性名 ShowPositionControls 在 MediaPlayer1 中是无效的。
行 595: 属性名 ShowStatusBar 在 MediaPlayer1 中是无效的。
行 596: 属性名 ShowTracker 在 MediaPlayer1 中是无效的。
行 597: 属性名 TransparentAtStart 在 MediaPlayer1 中是无效的。
行 598: 属性名 VideoBorderWidth 在 MediaPlayer1 中是无效的。
行 599: 属性名 VideoBorderColor 在 MediaPlayer1 中是无效的。
行 600: 属性名 VideoBorder3D 在 MediaPlayer1 中是无效的。
行 601: 属性名 Volume 在 MediaPlayer1 中是无效的。
行 602: 属性名 WindowlessVideo 在 MediaPlayer1 中是无效的。
行 1053: 属性 Pattern 在 File1 中必须为引号括起来的串
行 1065:属性 ItemData 在 List1 中的文件引用无效。
行 1067:属性 List 在 List1 中的文件引用无效。
