行 17: 控件 CommonDialog1 的类 MSComDlg.CommonDialog 不是一个已加载的控件类。
行 66: 控件 MediaPlayer1 的类 MediaPlayerCtl.MediaPlayer 不是一个已加载的控件类。
行 20: 属性名 _ExtentX 在 CommonDialog1 中是无效的。
行 21: 属性名 _ExtentY 在 CommonDialog1 中是无效的。
行 22: 属性名 _Version 在 CommonDialog1 中是无效的。
行 23: 属性名 DialogTitle 在 CommonDialog1 中是无效的。
行 73: 属性名 AudioStream 在 MediaPlayer1 中是无效的。
行 75: 属性名 AutoStart 在 MediaPlayer1 中是无效的。
行 76: 属性名 AnimationAtStart 在 MediaPlayer1 中是无效的。
行 77: 属性名 AllowScan 在 MediaPlayer1 中是无效的。
行 78: 属性名 AllowChangeDisplaySize 在 MediaPlayer1 中是无效的。
行 79: 属性名 AutoRewind 在 MediaPlayer1 中是无效的。
行 80: 属性名 Balance 在 MediaPlayer1 中是无效的。
行 81: 属性名 BaseURL 在 MediaPlayer1 中是无效的。
行 82: 属性名 BufferingTime 在 MediaPlayer1 中是无效的。
行 83: 属性名 CaptioningID 在 MediaPlayer1 中是无效的。
行 84: 属性名 ClickToPlay 在 MediaPlayer1 中是无效的。
行 85: 属性名 CursorType 在 MediaPlayer1 中是无效的。
行 86: 属性名 CurrentPosition 在 MediaPlayer1 中是无效的。
行 87: 属性名 CurrentMarker 在 MediaPlayer1 中是无效的。
行 88: 属性名 DefaultFrame 在 MediaPlayer1 中是无效的。
行 89: 属性名 DisplayBackColor 在 MediaPlayer1 中是无效的。
行 90: 属性名 DisplayForeColor 在 MediaPlayer1 中是无效的。
行 91: 属性名 DisplayMode 在 MediaPlayer1 中是无效的。
行 92: 属性名 DisplaySize 在 MediaPlayer1 中是无效的。
行 94: 属性名 EnableContextMenu 在 MediaPlayer1 中是无效的。
行 95: 属性名 EnablePositionControls 在 MediaPlayer1 中是无效的。
行 96: 属性名 EnableFullScreenControls 在 MediaPlayer1 中是无效的。
行 97: 属性名 EnableTracker 在 MediaPlayer1 中是无效的。
行 98: 属性名 Filename 在 MediaPlayer1 中是无效的。
行 99: 属性名 InvokeURLs 在 MediaPlayer1 中是无效的。
行 100: 属性名 Language 在 MediaPlayer1 中是无效的。
行 101: 属性名 Mute 在 MediaPlayer1 中是无效的。
行 102: 属性名 PlayCount 在 MediaPlayer1 中是无效的。
行 103: 属性名 PreviewMode 在 MediaPlayer1 中是无效的。
行 104: 属性名 Rate 在 MediaPlayer1 中是无效的。
行 105: 属性名 SAMILang 在 MediaPlayer1 中是无效的。
行 106: 属性名 SAMIStyle 在 MediaPlayer1 中是无效的。
行 107: 属性名 SAMIFileName 在 MediaPlayer1 中是无效的。
行 108: 属性名 SelectionStart 在 MediaPlayer1 中是无效的。
行 109: 属性名 SelectionEnd 在 MediaPlayer1 中是无效的。
行 110: 属性名 SendOpenStateChangeEvents 在 MediaPlayer1 中是无效的。
行 111: 属性名 SendWarningEvents 在 MediaPlayer1 中是无效的。
行 112: 属性名 SendErrorEvents 在 MediaPlayer1 中是无效的。
行 113: 属性名 SendKeyboardEvents 在 MediaPlayer1 中是无效的。
行 114: 属性名 SendMouseClickEvents 在 MediaPlayer1 中是无效的。
行 115: 属性名 SendMouseMoveEvents 在 MediaPlayer1 中是无效的。
行 116: 属性名 SendPlayStateChangeEvents 在 MediaPlayer1 中是无效的。
行 117: 属性名 ShowCaptioning 在 MediaPlayer1 中是无效的。
行 118: 属性名 ShowControls 在 MediaPlayer1 中是无效的。
行 119: 属性名 ShowAudioControls 在 MediaPlayer1 中是无效的。
行 120: 属性名 ShowDisplay 在 MediaPlayer1 中是无效的。
行 121: 属性名 ShowGotoBar 在 MediaPlayer1 中是无效的。
行 122: 属性名 ShowPositionControls 在 MediaPlayer1 中是无效的。
行 123: 属性名 ShowStatusBar 在 MediaPlayer1 中是无效的。
行 124: 属性名 ShowTracker 在 MediaPlayer1 中是无效的。
行 125: 属性名 TransparentAtStart 在 MediaPlayer1 中是无效的。
行 126: 属性名 VideoBorderWidth 在 MediaPlayer1 中是无效的。
行 127: 属性名 VideoBorderColor 在 MediaPlayer1 中是无效的。
行 128: 属性名 VideoBorder3D 在 MediaPlayer1 中是无效的。
行 129: 属性名 Volume 在 MediaPlayer1 中是无效的。
行 130: 属性名 WindowlessVideo 在 MediaPlayer1 中是无效的。
