行 21: 控件 ctListBar1 的类 CTLISTBARLibCtl.ctListBar 不是一个已加载的控件类。
行 159: 控件 LyfTools1 的类 API控制大全.LyfTools 不是一个已加载的控件类。
行 165: 控件 SkinForm1 的类 ACTIVESKINLibCtl.SkinForm 不是一个已加载的控件类。
行 28: 属性名 _Version 在 ctListBar1 中是无效的。
行 29: 属性名 _ExtentX 在 ctListBar1 中是无效的。
行 30: 属性名 _ExtentY 在 ctListBar1 中是无效的。
行 31: 属性名 _StockProps 在 ctListBar1 中是无效的。
行 32: 属性名 Caption 在 ctListBar1 中是无效的。
行 50: 属性名 ListFont 在 ctListBar1 中是无效的。
行 51: 属性名 BackImage 在 ctListBar1 中是无效的。
行 52: 属性名 ListForeColor 在 ctListBar1 中是无效的。
行 53: 属性名 BarForeColor 在 ctListBar1 中是无效的。
行 54: 属性名 ListBarStyle 在 ctListBar1 中是无效的。
行 55: 属性名 BarHeight 在 ctListBar1 中是无效的。
行 56: 属性名 WordWrap 在 ctListBar1 中是无效的。
行 57: 属性名 Caption 在 ctListBar1 中是无效的。
行 58: 属性名 PicArray0 在 ctListBar1 中是无效的。
行 59: 属性名 PicArray1 在 ctListBar1 中是无效的。
行 60: 属性名 PicArray2 在 ctListBar1 中是无效的。
行 61: 属性名 PicArray3 在 ctListBar1 中是无效的。
行 62: 属性名 PicArray4 在 ctListBar1 中是无效的。
行 63: 属性名 PicArray5 在 ctListBar1 中是无效的。
行 64: 属性名 PicArray6 在 ctListBar1 中是无效的。
行 65: 属性名 PicArray7 在 ctListBar1 中是无效的。
行 66: 属性名 PicArray8 在 ctListBar1 中是无效的。
行 67: 属性名 PicArray9 在 ctListBar1 中是无效的。
行 68: 属性名 PicArray10 在 ctListBar1 中是无效的。
行 69: 属性名 PicArray11 在 ctListBar1 中是无效的。
行 70: 属性名 PicArray12 在 ctListBar1 中是无效的。
行 71: 属性名 PicArray13 在 ctListBar1 中是无效的。
行 72: 属性名 PicArray14 在 ctListBar1 中是无效的。
行 73: 属性名 PicArray15 在 ctListBar1 中是无效的。
行 74: 属性名 PicArray16 在 ctListBar1 中是无效的。
行 75: 属性名 PicArray17 在 ctListBar1 中是无效的。
行 76: 属性名 PicArray18 在 ctListBar1 中是无效的。
行 77: 属性名 PicArray19 在 ctListBar1 中是无效的。
行 78: 属性名 PicArray20 在 ctListBar1 中是无效的。
行 79: 属性名 PicArray21 在 ctListBar1 中是无效的。
行 80: 属性名 PicArray22 在 ctListBar1 中是无效的。
行 81: 属性名 PicArray23 在 ctListBar1 中是无效的。
行 82: 属性名 PicArray24 在 ctListBar1 中是无效的。
行 83: 属性名 PicArray25 在 ctListBar1 中是无效的。
行 84: 属性名 PicArray26 在 ctListBar1 中是无效的。
行 85: 属性名 PicArray27 在 ctListBar1 中是无效的。
行 86: 属性名 PicArray28 在 ctListBar1 中是无效的。
行 87: 属性名 PicArray29 在 ctListBar1 中是无效的。
行 88: 属性名 PicArray30 在 ctListBar1 中是无效的。
行 89: 属性名 PicArray31 在 ctListBar1 中是无效的。
行 90: 属性名 PicArray32 在 ctListBar1 中是无效的。
行 91: 属性名 PicArray33 在 ctListBar1 中是无效的。
行 92: 属性名 PicArray34 在 ctListBar1 中是无效的。
行 93: 属性名 PicArray35 在 ctListBar1 中是无效的。
行 94: 属性名 PicArray36 在 ctListBar1 中是无效的。
行 95: 属性名 PicArray37 在 ctListBar1 中是无效的。
行 96: 属性名 PicArray38 在 ctListBar1 中是无效的。
行 97: 属性名 PicArray39 在 ctListBar1 中是无效的。
行 98: 属性名 PicArray40 在 ctListBar1 中是无效的。
行 99: 属性名 PicArray41 在 ctListBar1 中是无效的。
行 100: 属性名 PicArray42 在 ctListBar1 中是无效的。
行 101: 属性名 PicArray43 在 ctListBar1 中是无效的。
行 102: 属性名 PicArray44 在 ctListBar1 中是无效的。
行 103: 属性名 PicArray45 在 ctListBar1 中是无效的。
行 104: 属性名 PicArray46 在 ctListBar1 中是无效的。
行 105: 属性名 PicArray47 在 ctListBar1 中是无效的。
行 106: 属性名 PicArray48 在 ctListBar1 中是无效的。
行 107: 属性名 PicArray49 在 ctListBar1 中是无效的。
行 108: 属性名 PicArray50 在 ctListBar1 中是无效的。
行 109: 属性名 PicArray51 在 ctListBar1 中是无效的。
行 110: 属性名 PicArray52 在 ctListBar1 中是无效的。
行 111: 属性名 PicArray53 在 ctListBar1 中是无效的。
行 112: 属性名 PicArray54 在 ctListBar1 中是无效的。
行 113: 属性名 PicArray55 在 ctListBar1 中是无效的。
行 114: 属性名 PicArray56 在 ctListBar1 中是无效的。
行 115: 属性名 PicArray57 在 ctListBar1 中是无效的。
行 116: 属性名 PicArray58 在 ctListBar1 中是无效的。
行 117: 属性名 PicArray59 在 ctListBar1 中是无效的。
行 118: 属性名 PicArray60 在 ctListBar1 中是无效的。
行 119: 属性名 PicArray61 在 ctListBar1 中是无效的。
行 120: 属性名 PicArray62 在 ctListBar1 中是无效的。
行 121: 属性名 PicArray63 在 ctListBar1 中是无效的。
行 122: 属性名 PicArray64 在 ctListBar1 中是无效的。
行 123: 属性名 PicArray65 在 ctListBar1 中是无效的。
行 124: 属性名 PicArray66 在 ctListBar1 中是无效的。
行 125: 属性名 PicArray67 在 ctListBar1 中是无效的。
行 126: 属性名 PicArray68 在 ctListBar1 中是无效的。
行 127: 属性名 PicArray69 在 ctListBar1 中是无效的。
行 128: 属性名 PicArray70 在 ctListBar1 中是无效的。
行 129: 属性名 PicArray71 在 ctListBar1 中是无效的。
行 130: 属性名 PicArray72 在 ctListBar1 中是无效的。
行 131: 属性名 PicArray73 在 ctListBar1 中是无效的。
行 132: 属性名 PicArray74 在 ctListBar1 中是无效的。
行 133: 属性名 PicArray75 在 ctListBar1 中是无效的。
行 134: 属性名 PicArray76 在 ctListBar1 中是无效的。
行 135: 属性名 PicArray77 在 ctListBar1 中是无效的。
行 136: 属性名 PicArray78 在 ctListBar1 中是无效的。
行 137: 属性名 PicArray79 在 ctListBar1 中是无效的。
行 138: 属性名 PicArray80 在 ctListBar1 中是无效的。
行 139: 属性名 PicArray81 在 ctListBar1 中是无效的。
行 140: 属性名 PicArray82 在 ctListBar1 中是无效的。
行 141: 属性名 PicArray83 在 ctListBar1 中是无效的。
行 142: 属性名 PicArray84 在 ctListBar1 中是无效的。
行 143: 属性名 PicArray85 在 ctListBar1 中是无效的。
行 144: 属性名 PicArray86 在 ctListBar1 中是无效的。
行 145: 属性名 PicArray87 在 ctListBar1 中是无效的。
行 146: 属性名 PicArray88 在 ctListBar1 中是无效的。
行 147: 属性名 PicArray89 在 ctListBar1 中是无效的。
行 148: 属性名 PicArray90 在 ctListBar1 中是无效的。
行 149: 属性名 PicArray91 在 ctListBar1 中是无效的。
行 150: 属性名 PicArray92 在 ctListBar1 中是无效的。
行 151: 属性名 PicArray93 在 ctListBar1 中是无效的。
行 152: 属性名 PicArray94 在 ctListBar1 中是无效的。
行 153: 属性名 PicArray95 在 ctListBar1 中是无效的。
行 154: 属性名 PicArray96 在 ctListBar1 中是无效的。
行 155: 属性名 PicArray97 在 ctListBar1 中是无效的。
行 156: 属性名 PicArray98 在 ctListBar1 中是无效的。
行 157: 属性名 PicArray99 在 ctListBar1 中是无效的。
行 162: 属性名 _ExtentX 在 LyfTools1 中是无效的。
行 163: 属性名 _ExtentY 在 LyfTools1 中是无效的。
行 168: 属性名 OleObjectBlob 在 SkinForm1 中是无效的。
